[debug] [2022-11-19T19:23:56.901Z] ----------------------------------------------------------------------
[debug] [2022-11-19T19:23:56.903Z] Command:       C:\Program Files\nodejs\node.exe C:\Users\henry\AppData\Roaming\npm\node_modules\firebase-tools\lib\bin\firebase.js functions:shell
[debug] [2022-11-19T19:23:56.903Z] CLI Version:   11.15.0
[debug] [2022-11-19T19:23:56.903Z] Platform:      win32
[debug] [2022-11-19T19:23:56.903Z] Node Version:  v16.16.0
[debug] [2022-11-19T19:23:56.905Z] Time:          Sat Nov 19 2022 11:23:56 GMT-0800 (Pacific Standard Time)
[debug] [2022-11-19T19:23:56.906Z] ----------------------------------------------------------------------
[debug] 
[debug] [2022-11-19T19:23:56.909Z] >>> [apiv2][query] GET https://firebase-public.firebaseio.com/cli.json [none]
[debug] [2022-11-19T19:23:56.983Z] > command requires scopes: ["email","openid","https://www.googleapis.com/auth/cloudplatformprojects.readonly","https://www.googleapis.com/auth/firebase","https://www.googleapis.com/auth/cloud-platform"]
[debug] [2022-11-19T19:23:56.983Z] > authorizing via signed-in user (henryjian4152@gmail.com)
[debug] [2022-11-19T19:23:56.984Z] [iam] checking project challenge-e4db3 for permissions ["firebase.projects.get"]
[debug] [2022-11-19T19:23:56.985Z] > refreshing access token with scopes: []
[debug] [2022-11-19T19:23:56.985Z] >>> [apiv2][query] POST https://www.googleapis.com/oauth2/v3/token [none]
[debug] [2022-11-19T19:23:56.986Z] >>> [apiv2][body] POST https://www.googleapis.com/oauth2/v3/token [omitted]
[debug] [2022-11-19T19:23:57.094Z] <<< [apiv2][status] GET https://firebase-public.firebaseio.com/cli.json 200
[debug] [2022-11-19T19:23:57.094Z] <<< [apiv2][body] GET https://firebase-public.firebaseio.com/cli.json {"cloudBuildErrorAfter":1594252800000,"cloudBuildWarnAfter":1590019200000,"defaultNode10After":1594252800000,"minVersion":"3.0.5","node8DeploysDisabledAfter":1613390400000,"node8RuntimeDisabledAfter":1615809600000,"node8WarnAfter":1600128000000}
[debug] [2022-11-19T19:23:57.106Z] <<< [apiv2][status] POST https://www.googleapis.com/oauth2/v3/token 200
[debug] [2022-11-19T19:23:57.106Z] <<< [apiv2][body] POST https://www.googleapis.com/oauth2/v3/token [omitted]
[debug] [2022-11-19T19:23:57.114Z] >>> [apiv2][query] POST https://cloudresourcemanager.googleapis.com/v1/projects/challenge-e4db3:testIamPermissions [none]
[debug] [2022-11-19T19:23:57.114Z] >>> [apiv2][(partial)header] POST https://cloudresourcemanager.googleapis.com/v1/projects/challenge-e4db3:testIamPermissions x-goog-quota-user=projects/challenge-e4db3
[debug] [2022-11-19T19:23:57.114Z] >>> [apiv2][body] POST https://cloudresourcemanager.googleapis.com/v1/projects/challenge-e4db3:testIamPermissions {"permissions":["firebase.projects.get"]}
[debug] [2022-11-19T19:23:57.376Z] <<< [apiv2][status] POST https://cloudresourcemanager.googleapis.com/v1/projects/challenge-e4db3:testIamPermissions 200
[debug] [2022-11-19T19:23:57.376Z] <<< [apiv2][body] POST https://cloudresourcemanager.googleapis.com/v1/projects/challenge-e4db3:testIamPermissions {}
[debug] [2022-11-19T19:23:57.377Z] [iam] error while checking permissions, command may fail: FirebaseError: Authorization failed. This account is missing the following required permissions on project challenge-e4db3:

  firebase.projects.get
[debug] [2022-11-19T19:23:57.387Z] [functions] Functions Emulator only supports listening on one address (127.0.0.1). Not listening on ::1
[debug] [2022-11-19T19:23:57.402Z] [functions] Using node@16 from host.
[debug] [2022-11-19T19:23:57.403Z] defaultcredentials: writing to file C:\Users\henry\AppData\Roaming\firebase\henryjian4152_gmail_com_application_default_credentials.json
[debug] [2022-11-19T19:23:57.404Z] DEBUG: Setting GAC to C:\Users\henry\AppData\Roaming\firebase\henryjian4152_gmail_com_application_default_credentials.json
[debug] [2022-11-19T19:23:57.404Z] >>> [apiv2][query] GET https://firebase.googleapis.com/v1beta1/projects/challenge-e4db3/adminSdkConfig [none]
[debug] [2022-11-19T19:23:57.780Z] <<< [apiv2][status] GET https://firebase.googleapis.com/v1beta1/projects/challenge-e4db3/adminSdkConfig 403
[debug] [2022-11-19T19:23:57.780Z] <<< [apiv2][body] GET https://firebase.googleapis.com/v1beta1/projects/challenge-e4db3/adminSdkConfig {"error":{"code":403,"message":"The caller does not have permission","status":"PERMISSION_DENIED"}}
[debug] [2022-11-19T19:23:57.781Z] Failed to get Admin SDK config for challenge-e4db3, falling back to cacheFailed to get Admin SDK for Firebase project challenge-e4db3. Please make sure the project exists and your account has permission to access it. {"name":"FirebaseError","children":[],"exit":2,"message":"Failed to get Admin SDK for Firebase project challenge-e4db3. Please make sure the project exists and your account has permission to access it.","original":{"name":"FirebaseError","children":[],"context":{"body":{"error":{"code":403,"message":"The caller does not have permission","status":"PERMISSION_DENIED"}},"response":{"statusCode":403}},"exit":1,"message":"HTTP Error: 403, The caller does not have permission","status":403},"status":500}
[debug] [2022-11-19T19:23:57.794Z] [functions] Watching "C:\Users\henry\amazon-clone\functions" for Cloud Functions...
[debug] [2022-11-19T19:23:57.798Z] Validating nodejs source
[warn] !  functions: package.json indicates an outdated version of firebase-functions. Please upgrade using npm install --save firebase-functions@latest in your functions directory. 
[warn] !  functions: Please note that there will be breaking changes when you upgrade. 
[debug] [2022-11-19T19:24:00.048Z] > [functions] package.json contents: {
  "name": "functions",
  "description": "Cloud Functions for Firebase",
  "scripts": {
    "lint": "eslint",
    "serve": "firebase emulators:start --only functions",
    "shell": "firebase functions:shell",
    "start": "npm run shell",
    "deploy": "firebase deploy --only functions",
    "logs": "firebase functions:log"
  },
  "engines": {
    "node": "16"
  },
  "main": "index.js",
  "dependencies": {
    "cors": "^2.8.5",
    "express": "^4.18.1",
    "firebase-admin": "^10.0.2",
    "firebase-functions": "^3.18.0",
    "stripe": "^10.12.0"
  },
  "devDependencies": {
    "eslint": "^8.9.0",
    "eslint-config-google": "^0.14.0",
    "firebase-functions-test": "^0.2.0"
  },
  "private": true
}
[debug] [2022-11-19T19:24:00.048Z] Building nodejs source
[debug] [2022-11-19T19:24:00.048Z] Analyzing nodejs backend spec
[debug] [2022-11-19T19:24:00.049Z] Could not find functions.yaml. Must use http discovery
[debug] [2022-11-19T19:24:00.365Z] Serving at port 9005

[debug] [2022-11-19T19:24:00.539Z] Got response from /__/functions.yaml {"endpoints":{"api":{"platform":"gcfv1","httpsTrigger":{},"entryPoint":"api"}},"specVersion":"v1alpha1","requiredAPIs":[]}
[debug] [2022-11-19T19:24:00.546Z] shutdown requested via /__/quitquitquit

[debug] [2022-11-19T19:24:00.556Z] [functions] Loaded functions definitions from source: api.
[debug] [2022-11-19T19:24:00.556Z] [functions[us-central1-api]] http function initialized (http://127.0.0.1:5000/challenge-e4db3/us-central1/api).
[info] i  functions: Loaded functions: api 
[warn] !  functions: The following emulators are not running, calls to these services will affect production: firestore, database, pubsub, storage, eventarc 
